This is pdfTeX, Version 3.14159265-2.6-1.40.16 (TeX Live 2015) (preloaded format=pdflatex 2015.8.5)  9 FEB 2016 16:29
entering extended mode
 restricted \write18 enabled.
 %&-line parsing enabled.
**spadini_davide
(./spadini_davide.tex
LaTeX2e <2015/01/01>
Babel <3.9l> and hyphenation patterns for 79 languages loaded.
(/usr/local/texlive/2015/texmf-dist/tex/latex/base/book.cls
Document Class: book 2014/09/29 v1.4h Standard LaTeX document class
(/usr/local/texlive/2015/texmf-dist/tex/latex/base/bk11.clo
File: bk11.clo 2014/09/29 v1.4h Standard LaTeX file (size option)
)
\c@part=\count79
\c@chapter=\count80
\c@section=\count81
\c@subsection=\count82
\c@subsubsection=\count83
\c@paragraph=\count84
\c@subparagraph=\count85
\c@figure=\count86
\c@table=\count87
\abovecaptionskip=\skip41
\belowcaptionskip=\skip42
\bibindent=\dimen102
)
(/usr/local/texlive/2015/texmf-dist/tex/latex/graphics/epsfig.sty
Package: epsfig 1999/02/16 v1.7a (e)psfig emulation (SPQR)

(/usr/local/texlive/2015/texmf-dist/tex/latex/graphics/graphicx.sty
Package: graphicx 2014/10/28 v1.0g Enhanced LaTeX Graphics (DPC,SPQR)

(/usr/local/texlive/2015/texmf-dist/tex/latex/graphics/keyval.sty
Package: keyval 2014/10/28 v1.15 key=value parser (DPC)
\KV@toks@=\toks14
)
(/usr/local/texlive/2015/texmf-dist/tex/latex/graphics/graphics.sty
Package: graphics 2014/10/28 v1.0p Standard LaTeX Graphics (DPC,SPQR)

(/usr/local/texlive/2015/texmf-dist/tex/latex/graphics/trig.sty
Package: trig 1999/03/16 v1.09 sin cos tan (DPC)
)
(/usr/local/texlive/2015/texmf-dist/tex/latex/latexconfig/graphics.cfg
File: graphics.cfg 2010/04/23 v1.9 graphics configuration of TeX Live
)
Package graphics Info: Driver file: pdftex.def on input line 94.

(/usr/local/texlive/2015/texmf-dist/tex/latex/pdftex-def/pdftex.def
File: pdftex.def 2011/05/27 v0.06d Graphics/color for pdfTeX

(/usr/local/texlive/2015/texmf-dist/tex/generic/oberdiek/infwarerr.sty
Package: infwarerr 2010/04/08 v1.3 Providing info/warning/error messages (HO)
)
(/usr/local/texlive/2015/texmf-dist/tex/generic/oberdiek/ltxcmds.sty
Package: ltxcmds 2011/11/09 v1.22 LaTeX kernel commands for general use (HO)
)
\Gread@gobject=\count88
))
\Gin@req@height=\dimen103
\Gin@req@width=\dimen104
)
\epsfxsize=\dimen105
\epsfysize=\dimen106
)
(/usr/local/texlive/2015/texmf-dist/tex/latex/carlisle/plain.sty
Package: plain 1996/04/22 Plain TeX emulation (DPC)
\tabs@latex=\box26
\tabsyet@latex=\box27
\tabsdone@latex=\box28
)
(/usr/local/texlive/2015/texmf-dist/tex/latex/setspace/setspace.sty
Package: setspace 2011/12/19 v6.7a set line spacing
)
(/usr/local/texlive/2015/texmf-dist/tex/latex/hyperref/hyperref.sty
Package: hyperref 2012/11/06 v6.83m Hypertext links for LaTeX

(/usr/local/texlive/2015/texmf-dist/tex/generic/oberdiek/hobsub-hyperref.sty
Package: hobsub-hyperref 2012/05/28 v1.13 Bundle oberdiek, subset hyperref (HO)


(/usr/local/texlive/2015/texmf-dist/tex/generic/oberdiek/hobsub-generic.sty
Package: hobsub-generic 2012/05/28 v1.13 Bundle oberdiek, subset generic (HO)
Package: hobsub 2012/05/28 v1.13 Construct package bundles (HO)
Package hobsub Info: Skipping package `infwarerr' (already loaded).
Package hobsub Info: Skipping package `ltxcmds' (already loaded).
Package: ifluatex 2010/03/01 v1.3 Provides the ifluatex switch (HO)
Package ifluatex Info: LuaTeX not detected.
Package: ifvtex 2010/03/01 v1.5 Detect VTeX and its facilities (HO)
Package ifvtex Info: VTeX not detected.
Package: intcalc 2007/09/27 v1.1 Expandable calculations with integers (HO)
Package: ifpdf 2011/01/30 v2.3 Provides the ifpdf switch (HO)
Package ifpdf Info: pdfTeX in PDF mode is detected.
Package: etexcmds 2011/02/16 v1.5 Avoid name clashes with e-TeX commands (HO)
Package etexcmds Info: Could not find \expanded.
(etexcmds)             That can mean that you are not using pdfTeX 1.50 or
(etexcmds)             that some package has redefined \expanded.
(etexcmds)             In the latter case, load this package earlier.
Package: kvsetkeys 2012/04/25 v1.16 Key value parser (HO)
Package: kvdefinekeys 2011/04/07 v1.3 Define keys (HO)
Package: pdftexcmds 2011/11/29 v0.20 Utility functions of pdfTeX for LuaTeX (HO
)
Package pdftexcmds Info: LuaTeX not detected.
Package pdftexcmds Info: \pdf@primitive is available.
Package pdftexcmds Info: \pdf@ifprimitive is available.
Package pdftexcmds Info: \pdfdraftmode found.
Package: pdfescape 2011/11/25 v1.13 Implements pdfTeX's escape features (HO)
Package: bigintcalc 2012/04/08 v1.3 Expandable calculations on big integers (HO
)
Package: bitset 2011/01/30 v1.1 Handle bit-vector datatype (HO)
Package: uniquecounter 2011/01/30 v1.2 Provide unlimited unique counter (HO)
)
Package hobsub Info: Skipping package `hobsub' (already loaded).
Package: letltxmacro 2010/09/02 v1.4 Let assignment for LaTeX macros (HO)
Package: hopatch 2012/05/28 v1.2 Wrapper for package hooks (HO)
Package: xcolor-patch 2011/01/30 xcolor patch
Package: atveryend 2011/06/30 v1.8 Hooks at the very end of document (HO)
Package atveryend Info: \enddocument detected (standard20110627).
Package: atbegshi 2011/10/05 v1.16 At begin shipout hook (HO)
Package: refcount 2011/10/16 v3.4 Data extraction from label references (HO)
Package: hycolor 2011/01/30 v1.7 Color options for hyperref/bookmark (HO)
)
(/usr/local/texlive/2015/texmf-dist/tex/generic/ifxetex/ifxetex.sty
Package: ifxetex 2010/09/12 v0.6 Provides ifxetex conditional
)
(/usr/local/texlive/2015/texmf-dist/tex/latex/oberdiek/auxhook.sty
Package: auxhook 2011/03/04 v1.3 Hooks for auxiliary files (HO)
)
(/usr/local/texlive/2015/texmf-dist/tex/latex/oberdiek/kvoptions.sty
Package: kvoptions 2011/06/30 v3.11 Key value format for package options (HO)
)
\@linkdim=\dimen107
\Hy@linkcounter=\count89
\Hy@pagecounter=\count90

(/usr/local/texlive/2015/texmf-dist/tex/latex/hyperref/pd1enc.def
File: pd1enc.def 2012/11/06 v6.83m Hyperref: PDFDocEncoding definition (HO)
)
\Hy@SavedSpaceFactor=\count91

(/usr/local/texlive/2015/texmf-dist/tex/latex/latexconfig/hyperref.cfg
File: hyperref.cfg 2002/06/06 v1.2 hyperref configuration of TeXLive
)
Package hyperref Info: Hyper figures OFF on input line 4443.
Package hyperref Info: Link nesting OFF on input line 4448.
Package hyperref Info: Hyper index ON on input line 4451.
Package hyperref Info: Plain pages OFF on input line 4458.
Package hyperref Info: Backreferencing OFF on input line 4463.
Package hyperref Info: Implicit mode ON; LaTeX internals redefined.
Package hyperref Info: Bookmarks ON on input line 4688.
\c@Hy@tempcnt=\count92

(/usr/local/texlive/2015/texmf-dist/tex/latex/url/url.sty
\Urlmuskip=\muskip10
Package: url 2013/09/16  ver 3.4  Verb mode for urls, etc.
)
LaTeX Info: Redefining \url on input line 5041.
\XeTeXLinkMargin=\dimen108
\Fld@menulength=\count93
\Field@Width=\dimen109
\Fld@charsize=\dimen110
Package hyperref Info: Hyper figures OFF on input line 6295.
Package hyperref Info: Link nesting OFF on input line 6300.
Package hyperref Info: Hyper index ON on input line 6303.
Package hyperref Info: backreferencing OFF on input line 6310.
Package hyperref Info: Link coloring OFF on input line 6315.
Package hyperref Info: Link coloring with OCG OFF on input line 6320.
Package hyperref Info: PDF/A mode OFF on input line 6325.
LaTeX Info: Redefining \ref on input line 6365.
LaTeX Info: Redefining \pageref on input line 6369.
\Hy@abspage=\count94
\c@Item=\count95
\c@Hfootnote=\count96
)

Package hyperref Message: Driver (autodetected): hpdftex.

(/usr/local/texlive/2015/texmf-dist/tex/latex/hyperref/hpdftex.def
File: hpdftex.def 2012/11/06 v6.83m Hyperref driver for pdfTeX
\Fld@listcount=\count97
\c@bookmark@seq@number=\count98

(/usr/local/texlive/2015/texmf-dist/tex/latex/oberdiek/rerunfilecheck.sty
Package: rerunfilecheck 2011/04/15 v1.7 Rerun checks for auxiliary files (HO)
Package uniquecounter Info: New unique counter `rerunfilecheck' on input line 2
82.
)
\Hy@SectionHShift=\skip43
)
(/usr/local/texlive/2015/texmf-dist/tex/latex/geometry/geometry.sty
Package: geometry 2010/09/12 v5.6 Page Geometry
\Gm@cnth=\count99
\Gm@cntv=\count100
\c@Gm@tempcnt=\count101
\Gm@bindingoffset=\dimen111
\Gm@wd@mp=\dimen112
\Gm@odd@mp=\dimen113
\Gm@even@mp=\dimen114
\Gm@layoutwidth=\dimen115
\Gm@layoutheight=\dimen116
\Gm@layouthoffset=\dimen117
\Gm@layoutvoffset=\dimen118
\Gm@dimlist=\toks15
)
(/usr/local/texlive/2015/texmf-dist/tex/latex/titlesec/titlesec.sty
Package: titlesec 2011/12/15 v2.10.0 Sectioning titles
\ttl@box=\box29
\beforetitleunit=\skip44
\aftertitleunit=\skip45
\ttl@plus=\dimen119
\ttl@minus=\dimen120
\ttl@toksa=\toks16
\titlewidth=\dimen121
\titlewidthlast=\dimen122
\titlewidthfirst=\dimen123
)
(/usr/local/texlive/2015/texmf-dist/tex/latex/algorithm2e/algorithm2e.sty
Package: algorithm2e 2013/01/06 v5.00 algorithms environments
\c@AlgoLine=\count102

(/usr/local/texlive/2015/texmf-dist/tex/latex/base/ifthen.sty
Package: ifthen 2014/09/29 v1.1c Standard LaTeX ifthen package (DPC)
)
(/usr/local/texlive/2015/texmf-dist/tex/latex/tools/xspace.sty
Package: xspace 2014/10/28 v1.13 Space after command names (DPC,MH)
)
(/usr/local/texlive/2015/texmf-dist/tex/latex/relsize/relsize.sty
Package: relsize 2013/03/29 ver 4.1
)
********************************************************
Package `algorithm2e' Release 5.0 -- january 06 2013 --
- algorithm2e-announce@lirmm.fr mailing list for announcement about releases
- algorithm2e-discussion@lirmm.fr mailing list for discussion about package
subscribe by emailing sympa@lirmm.fr with 'subscribe <list> <firstname name>'
- Author: Christophe Fiorio (cfiorio@um2.fr)
********************************************************
\skiptotal=\skip46
\skiplinenumber=\skip47
\skiprule=\skip48
\skiphlne=\skip49
\skiptext=\skip50
\skiplength=\skip51
\algomargin=\skip52
\skipalgocfslide=\skip53
\algowidth=\dimen124
\inoutsize=\dimen125
\inoutindent=\dimen126
\interspacetitleruled=\dimen127
\interspacealgoruled=\dimen128
\interspacetitleboxruled=\dimen129
\algocf@inoutbox=\box30
\algocf@inputbox=\box31
\AlCapSkip=\skip54
\AlCapHSkip=\skip55
\algoskipindent=\skip56
\algocf@nlbox=\box32
\algocf@hangingbox=\box33
\algocf@untilbox=\box34
\algocf@skipuntil=\skip57
\algocf@capbox=\box35
\algoheightruledefault=\skip58
\algoheightrule=\skip59
\algotitleheightruledefault=\skip60
\algotitleheightrule=\skip61
\c@algocfline=\count103
\c@algocfproc=\count104
\c@algocf=\count105
\algocf@algoframe=\box36
\algocf@algobox=\box37
) (/usr/local/texlive/2015/texmf-dist/tex/latex/base/inputenc.sty
Package: inputenc 2015/03/17 v1.2c Input encoding file
\inpenc@prehook=\toks17
\inpenc@posthook=\toks18

(/usr/local/texlive/2015/texmf-dist/tex/latex/ucs/utf8x.def
File: utf8x.def 2004/10/17 UCS: Input encoding UTF-8
))
(/usr/local/texlive/2015/texmf-dist/tex/latex/ucs/ucs.sty
Package: ucs 2013/05/11 v2.2 UCS: Unicode input support

(/usr/local/texlive/2015/texmf-dist/tex/latex/ucs/data/uni-global.def
File: uni-global.def 2013/05/13 UCS: Unicode global data
)
\uc@secondtry=\count106
\uc@combtoks=\toks19
\uc@combtoksb=\toks20
\uc@temptokena=\toks21
)
(/usr/local/texlive/2015/texmf-dist/tex/generic/babel/babel.sty
Package: babel 2014/09/25 3.9l The Babel package

(/usr/local/texlive/2015/texmf-dist/tex/generic/babel-italian/italian.ldf
Language: italian 2015/03/26 v1.3n Italian support from the babel system

(/usr/local/texlive/2015/texmf-dist/tex/generic/babel/babel.def
File: babel.def 2014/09/25 3.9l Babel common definitions
\babel@savecnt=\count107
\U@D=\dimen130
)
\it@lettering=\count108
\it@doublequoteactive=\count109
\it@ISOcompliance=\count110
))
(/usr/local/texlive/2015/texmf-dist/tex/latex/etoolbox/etoolbox.sty
Package: etoolbox 2015/05/04 v2.2 e-TeX tools for LaTeX (JAW)
\etb@tempcnta=\count111
)

LaTeX Warning: Unused global option(s):
    [epsfig].

(./spadini_davide.aux)
\openout1 = `spadini_davide.aux'.

LaTeX Font Info:    Checking defaults for OML/cmm/m/it on input line 37.
LaTeX Font Info:    ... okay on input line 37.
LaTeX Font Info:    Checking defaults for T1/cmr/m/n on input line 37.
LaTeX Font Info:    ... okay on input line 37.
LaTeX Font Info:    Checking defaults for OT1/cmr/m/n on input line 37.
LaTeX Font Info:    ... okay on input line 37.
LaTeX Font Info:    Checking defaults for OMS/cmsy/m/n on input line 37.
LaTeX Font Info:    ... okay on input line 37.
LaTeX Font Info:    Checking defaults for OMX/cmex/m/n on input line 37.
LaTeX Font Info:    ... okay on input line 37.
LaTeX Font Info:    Checking defaults for U/cmr/m/n on input line 37.
LaTeX Font Info:    ... okay on input line 37.
LaTeX Font Info:    Checking defaults for PD1/pdf/m/n on input line 37.
LaTeX Font Info:    ... okay on input line 37.

(/usr/local/texlive/2015/texmf-dist/tex/context/base/supp-pdf.mkii
[Loading MPS to PDF converter (version 2006.09.02).]
\scratchcounter=\count112
\scratchdimen=\dimen131
\scratchbox=\box38
\nofMPsegments=\count113
\nofMParguments=\count114
\everyMPshowfont=\toks22
\MPscratchCnt=\count115
\MPscratchDim=\dimen132
\MPnumerator=\count116
\makeMPintoPDFobject=\count117
\everyMPtoPDFconversion=\toks23
) (/usr/local/texlive/2015/texmf-dist/tex/latex/oberdiek/epstopdf-base.sty
Package: epstopdf-base 2010/02/09 v2.5 Base part for package epstopdf

(/usr/local/texlive/2015/texmf-dist/tex/latex/oberdiek/grfext.sty
Package: grfext 2010/08/19 v1.1 Manage graphics extensions (HO)
)
Package grfext Info: Graphics extension search list:
(grfext)             [.png,.pdf,.jpg,.mps,.jpeg,.jbig2,.jb2,.PNG,.PDF,.JPG,.JPE
G,.JBIG2,.JB2,.eps]
(grfext)             \AppendGraphicsExtensions on input line 452.

(/usr/local/texlive/2015/texmf-dist/tex/latex/latexconfig/epstopdf-sys.cfg
File: epstopdf-sys.cfg 2010/07/13 v1.3 Configuration of (r)epstopdf for TeX Liv
e
))
\AtBeginShipoutBox=\box39
Package hyperref Info: Link coloring OFF on input line 37.

(/usr/local/texlive/2015/texmf-dist/tex/latex/hyperref/nameref.sty
Package: nameref 2012/10/27 v2.43 Cross-referencing by name of section

(/usr/local/texlive/2015/texmf-dist/tex/generic/oberdiek/gettitlestring.sty
Package: gettitlestring 2010/12/03 v1.4 Cleanup title references (HO)
)
\c@section@level=\count118
)
LaTeX Info: Redefining \ref on input line 37.
LaTeX Info: Redefining \pageref on input line 37.
LaTeX Info: Redefining \nameref on input line 37.

(./spadini_davide.out) (./spadini_davide.out)
\@outlinefile=\write3
\openout3 = `spadini_davide.out'.


*geometry* driver: auto-detecting
*geometry* detected driver: pdftex
*geometry* verbose mode - [ preamble ] result:
* driver: pdftex
* paper: custom
* layout: <same size as paper>
* layoutoffset:(h,v)=(0.0pt,0.0pt)
* modes: twoside 
* h-part:(L,W,R)=(71.13188pt, 483.69687pt, 42.67912pt)
* v-part:(T,H,B)=(56.9055pt, 731.23575pt, 56.9055pt)
* \paperwidth=597.50787pt
* \paperheight=845.04675pt
* \textwidth=483.69687pt
* \textheight=731.23575pt
* \oddsidemargin=-1.1381pt
* \evensidemargin=-29.59087pt
* \topmargin=-47.23828pt
* \headheight=12.0pt
* \headsep=19.8738pt
* \topskip=11.0pt
* \footskip=27.46295pt
* \marginparwidth=106.0pt
* \marginparsep=7.0pt
* \columnsep=10.0pt
* \skip\footins=10.0pt plus 4.0pt minus 2.0pt
* \hoffset=0.0pt
* \voffset=0.0pt
* \mag=1000
* \@twocolumnfalse
* \@twosidetrue
* \@mparswitchtrue
* \@reversemarginfalse
* (1in=72.27pt=25.4mm, 1cm=28.453pt)

(/usr/local/texlive/2015/texmf-dist/tex/latex/ucs/ucsencs.def
File: ucsencs.def 2011/01/21 Fixes to fontencodings LGR, T3
)
LaTeX Info: Redefining \it@ocap on input line 37.
LaTeX Info: Redefining \it@ccap on input line 37.


File italian.ldf warning: 
italian.ldf    With OT1 encoding guillemets are poorly faked
italian.ldf    Use T1 encoding
italian.ldf    or specify a font with command \CaporaliFrom
italian.ldf    See the documentation concerning the babel-italian typesetting 
italian.ldf    on input line 37.

(./pagina_iniziale.tex
Package epstopdf Info: Source file: <logo_unitn_black_center.eps>
(epstopdf)                    date: 2015-07-30 10:07:56
(epstopdf)                    size: 316347 bytes
(epstopdf)             Output file: <logo_unitn_black_center-eps-converted-to.p
df>
(epstopdf)                    date: 2015-09-10 13:22:38
(epstopdf)                    size: 84556 bytes
(epstopdf)             Command: <repstopdf --outfile=logo_unitn_black_center-ep
s-converted-to.pdf logo_unitn_black_center.eps>
(epstopdf)             \includegraphics on input line 7.
Package epstopdf Info: Output file is already uptodate.

<logo_unitn_black_center-eps-converted-to.pdf, id=96, 293.095pt x 126.4725pt>
File: logo_unitn_black_center-eps-converted-to.pdf Graphic file (type pdf)

<use logo_unitn_black_center-eps-converted-to.pdf>
Package pdftex.def Info: logo_unitn_black_center-eps-converted-to.pdf used on i
nput line 7.
(pdftex.def)             Requested size: 290.22107pt x 125.23131pt.

(/usr/local/texlive/2015/texmf-dist/tex/latex/ucs/data/uni-32.def
File: uni-32.def 2013/05/13 UCS: Unicode data U+2000..U+20FF
)
LaTeX Font Info:    External font `cmex10' loaded for size
(Font)              <24.88> on input line 31.
LaTeX Font Info:    External font `cmex10' loaded for size
(Font)              <20.74> on input line 31.
LaTeX Font Info:    External font `cmex10' loaded for size
(Font)              <17.28> on input line 31.
) [1

{/usr/local/texlive/2015/texmf-var/fonts/map/pdftex/updmap/pdftex.map} <./logo_
unitn_black_center-eps-converted-to.pdf>]pdfTeX warning (ext4): destination wit
h the same identifier (name{page.}) has been already used, duplicate ignored
<to be read again> 
                   \relax 
l.44   \cleardoublepage
                        [2

] (./ringraziamenti.tex)pdfTeX warning (ext4): destination with the same identi
fier (name{page.}) has been already used, duplicate ignored
<to be read again> 
                   \relax 
l.54   \clearpage
                  [3]pdfTeX warning (ext4): destination with the same identifie
r (name{page.}) has been already used, duplicate ignored
<to be read again> 
                   \relax 
l.59   \mainmatter
                   [4


] (./spadini_davide.toc
LaTeX Font Info:    External font `cmex10' loaded for size
(Font)              <10.95> on input line 5.
LaTeX Font Info:    External font `cmex10' loaded for size
(Font)              <8> on input line 5.
LaTeX Font Info:    External font `cmex10' loaded for size
(Font)              <6> on input line 5.
)
\tf@toc=\write4
\openout4 = `spadini_davide.toc'.

 [1

] [2

] (./sommario.tex
(/usr/local/texlive/2015/texmf-dist/tex/latex/ucs/data/uni-0.def
File: uni-0.def 2013/05/13 UCS: Unicode data U+0000..U+00FF
)
LaTeX Font Info:    Try loading font information for OMS+cmr on input line 14.

(/usr/local/texlive/2015/texmf-dist/tex/latex/base/omscmr.fd
File: omscmr.fd 2014/09/29 v2.5h Standard LaTeX font definitions
)
LaTeX Font Info:    Font shape `OMS/cmr/m/n' in size <10.95> not available
(Font)              Font shape `OMS/cmsy/m/n' tried instead on input line 14.
) [3] [4]
(./webrtc.tex
Capitolo 1.
LaTeX Font Info:    External font `cmex10' loaded for size
(Font)              <9> on input line 6.
LaTeX Font Info:    External font `cmex10' loaded for size
(Font)              <5> on input line 6.
<images/webrtcArchitecture.png, id=168, 742.775pt x 483.8075pt>
File: images/webrtcArchitecture.png Graphic file (type png)

<use images/webrtcArchitecture.png>
Package pdftex.def Info: images/webrtcArchitecture.png used on input line 33.
(pdftex.def)             Requested size: 483.69687pt x 315.06174pt.
 [5] [6 <./images/webrtcArchitecture.png>]
<images/jsep.png, id=193, 837.1275pt x 521.95pt>
File: images/jsep.png Graphic file (type png)
 <use images/jsep.png>
Package pdftex.def Info: images/jsep.png used on input line 96.
(pdftex.def)             Requested size: 483.69687pt x 301.58434pt.
 [7]
<images/stun.png, id=204, 837.1275pt x 570.13pt>
File: images/stun.png Graphic file (type png)
 <use images/stun.png>
Package pdftex.def Info: images/stun.png used on input line 116.
(pdftex.def)             Requested size: 483.69687pt x 329.42291pt.

<images/turn.png, id=206, 837.1275pt x 570.13pt>
File: images/turn.png Graphic file (type png)
 <use images/turn.png>
Package pdftex.def Info: images/turn.png used on input line 122.
(pdftex.def)             Requested size: 483.69687pt x 329.42291pt.

Underfull \vbox (badness 10000) has occurred while \output is active []

 [8 <./images/jsep.png (PNG copy)>] [9 <./images/stun.png>]) [10 <./images/turn
.png>]
(./tracker.tex
Capitolo 2.
<images/tracker.pdf, id=242, 282.05376pt x 179.67125pt>
File: images/tracker.pdf Graphic file (type pdf)

<use images/tracker.pdf>
Package pdftex.def Info: images/tracker.pdf used on input line 20.
(pdftex.def)             Requested size: 483.69687pt x 308.14296pt.
) [11] [12 <./images/tracker.pdf>] (./wormhole.tex
Capitolo 3.

Underfull \vbox (badness 10000) has occurred while \output is active []

 [13]
<images/overlay.pdf, id=319, 602.58426pt x 376.07199pt>
File: images/overlay.pdf Graphic file (type pdf)

<use images/overlay.pdf>
Package pdftex.def Info: images/overlay.pdf used on input line 31.
(pdftex.def)             Requested size: 483.69687pt x 301.87943pt.
 [14 <./images/overlay.pdf>] [15]) [16]
(./architecture.tex
Capitolo 4.
<images/project_architecture.pdf, id=375, 853.64723pt x 697.06927pt>
File: images/project_architecture.pdf Graphic file (type pdf)

<use images/project_architecture.pdf>
Package pdftex.def Info: images/project_architecture.pdf used on input line 12.

(pdftex.def)             Requested size: 483.69687pt x 394.98297pt.
) [17] [18 <./images/project_architecture.pdf>] (./evaluation.tex
Capitolo 5.
<images/average_hop_count.png, id=437, 738.76pt x 445.665pt>
File: images/average_hop_count.png Graphic file (type png)

<use images/average_hop_count.png>
Package pdftex.def Info: images/average_hop_count.png used on input line 29.
(pdftex.def)             Requested size: 483.69687pt x 291.7937pt.

<images/paper_average_hop_count.png, id=438, 659.46375pt x 463.7325pt>
File: images/paper_average_hop_count.png Graphic file (type png)

<use images/paper_average_hop_count.png>
Package pdftex.def Info: images/paper_average_hop_count.png used on input line 
35.
(pdftex.def)             Requested size: 483.69687pt x 340.1423pt.

<images/converged_indegree.png, id=441, 599.841pt x 388.3308pt>
File: images/converged_indegree.png Graphic file (type png)

<use images/converged_indegree.png>
Package pdftex.def Info: images/converged_indegree.png used on input line 44.
(pdftex.def)             Requested size: 483.69687pt x 313.15373pt.
 [19]
<images/indegree_evolution.png, id=450, 600.3228pt x 375.804pt>
File: images/indegree_evolution.png Graphic file (type png)

<use images/indegree_evolution.png>
Package pdftex.def Info: images/indegree_evolution.png used on input line 52.
(pdftex.def)             Requested size: 483.69687pt x 302.7997pt.

<images/paper_indegree_evolution.png, id=451, 430.60875pt x 291.0875pt>
File: images/paper_indegree_evolution.png Graphic file (type png)

<use images/paper_indegree_evolution.png>
Package pdftex.def Info: images/paper_indegree_evolution.png used on input line
 58.
(pdftex.def)             Requested size: 483.69687pt x 326.98404pt.

<images/clustering_coefficient_evolution.png, id=452, 574.3056pt x 373.395pt>
File: images/clustering_coefficient_evolution.png Graphic file (type png)

<use images/clustering_coefficient_evolution.png>
Package pdftex.def Info: images/clustering_coefficient_evolution.png used on in
put line 64.
(pdftex.def)             Requested size: 483.69687pt x 314.49289pt.

<images/converged_clustering_coefficient.png, id=456, 523.7166pt x 251.0178pt>
File: images/converged_clustering_coefficient.png Graphic file (type png)

<use images/converged_clustering_coefficient.png>
Package pdftex.def Info: images/converged_clustering_coefficient.png used on in
put line 73.
(pdftex.def)             Requested size: 483.69687pt x 231.84694pt.
 [20 <./images/average_hop_count.png>]
<images/average_interarrivaltime.png, id=469, 617.6676pt x 415.3116pt>
File: images/average_interarrivaltime.png Graphic file (type png)

<use images/average_interarrivaltime.png>
Package pdftex.def Info: images/average_interarrivaltime.png used on input line
 85.
(pdftex.def)             Requested size: 483.69687pt x 325.23451pt.

<images/interarrivaltime_difference.png, id=470, 668.2566pt x 474.0912pt>
File: images/interarrivaltime_difference.png Graphic file (type png)

<use images/interarrivaltime_difference.png>
Package pdftex.def Info: images/interarrivaltime_difference.png used on input l
ine 91.
(pdftex.def)             Requested size: 483.69687pt x 343.15392pt.
 [21 <./images/paper_average_hop_count.png>]
<images/average_hop_count_flash_crowd.png, id=486, 648.5028pt x 454.3374pt>
File: images/average_hop_count_flash_crowd.png Graphic file (type png)

<use images/average_hop_count_flash_crowd.png>
Package pdftex.def Info: images/average_hop_count_flash_crowd.png used on input
 line 101.
(pdftex.def)             Requested size: 483.69687pt x 338.87347pt.

<images/paper_average_hop_count_flash_crowd.png, id=487, 603.25375pt x 404.5112
5pt>
File: images/paper_average_hop_count_flash_crowd.png Graphic file (type png)
 <use images/paper_average_hop_count_flash_crowd.png>
Package pdftex.def Info: images/paper_average_hop_count_flash_crowd.png used on
 input line 107.
(pdftex.def)             Requested size: 483.69687pt x 324.33777pt.

<images/average_clustering_coefficient.png, id=488, 735.7086pt x 533.8344pt>
File: images/average_clustering_coefficient.png Graphic file (type png)

<use images/average_clustering_coefficient.png>
Package pdftex.def Info: images/average_clustering_coefficient.png used on inpu
t line 113.
(pdftex.def)             Requested size: 483.69687pt x 350.9796pt.

<images/average_indegree.png, id=489, 611.886pt x 400.3758pt>
File: images/average_indegree.png Graphic file (type png)

<use images/average_indegree.png>
Package pdftex.def Info: images/average_indegree.png used on input line 119.
(pdftex.def)             Requested size: 483.69687pt x 316.50111pt.
) (./spadini_davide.bbl [22 <./images/converged_indegree.png>] [23 <./images/in
degree_evolution.png> <./images/paper_indegree_evolution.png>] [24 <./images/cl
ustering_coefficient_evolution.png> <./images/converged_clustering_coefficient.
png>] [25 <./images/average_interarrivaltime.png> <./images/interarrivaltime_di
fference.png>] [26 <./images/average_hop_count_flash_crowd.png> <./images/paper
_average_hop_count_flash_crowd.png>] [27 <./images/average_clustering_coefficie
nt.png> <./images/average_indegree.png>]
Underfull \hbox (badness 10000) in paragraph at lines 12--14
[]\OT1/cmr/m/n/10.95 Webrtc in the real world: Stun, turn and si-gna-ling.
 []

)
Package atveryend Info: Empty hook `BeforeClearDocument' on input line 189.
 [28

]
Package atveryend Info: Empty hook `AfterLastShipout' on input line 189.
 (./spadini_davide.aux)
Package atveryend Info: Executing hook `AtVeryEndDocument' on input line 189.
Package atveryend Info: Executing hook `AtEndAfterFileList' on input line 189.
Package rerunfilecheck Info: File `spadini_davide.out' has not changed.
(rerunfilecheck)             Checksum: 730650C2251BA71730E798E937D285F9;1392.
Package atveryend Info: Empty hook `AtVeryVeryEnd' on input line 189.
 ) 
Here is how much of TeX's memory you used:
 9423 strings out of 493089
 136318 string characters out of 6134843
 262460 words of memory out of 5000000
 12659 multiletter control sequences out of 15000+600000
 13486 words of font info for 47 fonts, out of 8000000 for 9000
 1141 hyphenation exceptions out of 8191
 34i,13n,33p,2037b,553s stack positions out of 5000i,500n,10000p,200000b,80000s
</usr/local/texlive/2015/texmf-dist/fonts/type1/public/amsfonts/cm/cmbx10.pfb
></usr/local/texlive/2015/texmf-dist/fonts/type1/public/amsfonts/cm/cmbx12.pfb>
</usr/local/texlive/2015/texmf-dist/fonts/type1/public/amsfonts/cm/cmcsc10.pfb>
</usr/local/texlive/2015/texmf-dist/fonts/type1/public/amsfonts/cm/cmmi10.pfb><
/usr/local/texlive/2015/texmf-dist/fonts/type1/public/amsfonts/cm/cmmi8.pfb></u
sr/local/texlive/2015/texmf-dist/fonts/type1/public/amsfonts/cm/cmr10.pfb></usr
/local/texlive/2015/texmf-dist/fonts/type1/public/amsfonts/cm/cmr12.pfb></usr/l
ocal/texlive/2015/texmf-dist/fonts/type1/public/amsfonts/cm/cmr17.pfb></usr/loc
al/texlive/2015/texmf-dist/fonts/type1/public/amsfonts/cm/cmr6.pfb></usr/local/
texlive/2015/texmf-dist/fonts/type1/public/amsfonts/cm/cmr8.pfb></usr/local/tex
live/2015/texmf-dist/fonts/type1/public/amsfonts/cm/cmr9.pfb></usr/local/texliv
e/2015/texmf-dist/fonts/type1/public/amsfonts/cm/cmsy10.pfb></usr/local/texlive
/2015/texmf-dist/fonts/type1/public/amsfonts/cm/cmti10.pfb></usr/local/texlive/
2015/texmf-dist/fonts/type1/public/amsfonts/cm/cmti9.pfb></usr/local/texlive/20
15/texmf-dist/fonts/type1/public/amsfonts/cm/cmtt10.pfb></usr/local/texlive/201
5/texmf-dist/fonts/type1/public/amsfonts/cm/cmtt9.pfb>
Output written on spadini_davide.pdf (32 pages, 2389218 bytes).
PDF statistics:
 607 PDF objects out of 1000 (max. 8388607)
 460 compressed objects within 5 object streams
 99 named destinations out of 1000 (max. 500000)
 290 words of extra memory for PDF output out of 10000 (max. 10000000)

