\BOOKMARK [0][-]{chapter*.2}{Sommario}{}% 1
\BOOKMARK [0][-]{chapter.1}{WebRTC}{}% 2
\BOOKMARK [1][-]{section.1.1}{WebRTC APIs}{chapter.1}% 3
\BOOKMARK [1][-]{section.1.2}{WebRTC: Signaling}{chapter.1}% 4
\BOOKMARK [1][-]{section.1.3}{WebRTC: ICE Framework}{chapter.1}% 5
\BOOKMARK [1][-]{section.1.4}{Back to reality: EasyRTC Framework}{chapter.1}% 6
\BOOKMARK [2][-]{subsection.1.4.1}{EasyRTC Server}{section.1.4}% 7
\BOOKMARK [1][-]{section.1.5}{SPOF}{chapter.1}% 8
\BOOKMARK [0][-]{chapter.2}{Tracker}{}% 9
\BOOKMARK [0][-]{chapter.3}{Wormhole Peer Sampling Service}{}% 10
\BOOKMARK [1][-]{section.3.1}{Peer Sampling Service}{chapter.3}% 11
\BOOKMARK [1][-]{section.3.2}{WPSS: the algorithm}{chapter.3}% 12
\BOOKMARK [0][-]{chapter.4}{Project Design}{}% 13
\BOOKMARK [1][-]{section.4.1}{Project Architecture}{chapter.4}% 14
\BOOKMARK [1][-]{section.4.2}{Node.js Modules}{chapter.4}% 15
\BOOKMARK [1][-]{section.4.3}{Special Tools}{chapter.4}% 16
\BOOKMARK [0][-]{chapter.5}{Evaluation}{}% 17
\BOOKMARK [1][-]{section.5.1}{Experimental Setup}{chapter.5}% 18
\BOOKMARK [1][-]{section.5.2}{Freshness}{chapter.5}% 19
\BOOKMARK [1][-]{section.5.3}{Randomness}{chapter.5}% 20
\BOOKMARK [0][-]{figure.5.7}{Bibliografia}{}% 21
